<?xml version="1.0" encoding="UTF-8"?>
<testsuite xmlns:xsi="http://www.w3.org/2001/XMLSchema-instance" xsi:noNamespaceSchemaLocation="https://maven.apache.org/surefire/maven-surefire-plugin/xsd/surefire-test-report.xsd" name="BlackjackGameLogicTest" time="0.063" tests="12" errors="0" skipped="0" failures="0">
  <properties>
[...]
</properties>
  <testcase name="testWhoWonBlackJackPlayer" classname="BlackjackGameLogicTest" time="0"/>
  <testcase name="testHandTotalBasic" classname="BlackjackGameLogicTest" time="0.011"/>
  <testcase name="testHandTotalEmpty" classname="BlackjackGameLogicTest" time="0"/>
  <testcase name="testDrawBlackJack" classname="BlackjackGameLogicTest" time="0.004"/>
  <testcase name="testWhoWonBasicDealer" classname="BlackjackGameLogicTest" time="0.006"/>
  <testcase name="testEvaluateBankerDraw" classname="BlackjackGameLogicTest" time="0.005"/>
  <testcase name="testDrawBasic" classname="BlackjackGameLogicTest" time="0.005"/>
  <testcase name="testWhoWonBasicPlayer" classname="BlackjackGameLogicTest" time="0.005"/>
  <testcase name="testWhoWonClosestDealer" classname="BlackjackGameLogicTest" time="0.006"/>
  <testcase name="testWhoWonClosestPlayer" classname="BlackjackGameLogicTest" time="0.007"/>
  <testcase name="testWhoWonBlackJackDealer" classname="BlackjackGameLogicTest" time="0.009"/>
  <testcase name="testHandTotalAce" classname="BlackjackGameLogicTest" time="0.002"/>
</testsuite>